<?xml version="1.0" encoding="UTF-8"?>
<testng-results ignored="0" total="1" passed="1" failed="0" skipped="0">
  <reporter-output>
  </reporter-output>
  <suite started-at="2023-05-31T13:40:30 IST" name="Suite" finished-at="2023-05-31T13:41:35 IST" duration-ms="65209">
    <groups>
    </groups>
    <test started-at="2023-05-31T13:40:30 IST" name="Test" finished-at="2023-05-31T13:41:35 IST" duration-ms="65209">
      <class name="com.keste.testcases.Salesforce_Test">
        <test-method is-config="true" signature="setUp([Ljava.lang.Object;)[pri:0, instance:com.keste.testcases.Salesforce_Test@152aa092]" started-at="2023-05-31T13:40:31 IST" name="setUp" finished-at="2023-05-31T13:40:36 IST" duration-ms="5392" status="PASS">
          <params>
            <param index="0">
              <value>
                <![CDATA[[Ljava.lang.Object;@5731caaf]]>
              </value>
            </param>
          </params>
          <reporter-output>
          </reporter-output>
        </test-method> <!-- setUp -->
        <test-method signature="CreateLeadAccount(java.util.Map)[pri:1, instance:com.keste.testcases.Salesforce_Test@152aa092]" started-at="2023-05-31T13:40:36 IST" name="CreateLeadAccount" description="salesforce" data-provider="getData" finished-at="2023-05-31T13:41:35 IST" duration-ms="58670" status="PASS">
          <params>
            <param index="0">
              <value>
                <![CDATA[{TestName=CreateLeadAccount, Execute=yes, Browser=Chrome}]]>
              </value>
            </param>
          </params>
          <reporter-output>
          </reporter-output>
        </test-method> <!-- CreateLeadAccount -->
        <test-method is-config="true" signature="cleanUp([Ljava.lang.Object;)[pri:0, instance:com.keste.testcases.Salesforce_Test@152aa092]" started-at="2023-05-31T13:41:35 IST" name="cleanUp" finished-at="2023-05-31T13:41:35 IST" duration-ms="305" status="PASS">
          <params>
            <param index="0">
              <value>
                <![CDATA[[Ljava.lang.Object;@5731caaf]]>
              </value>
            </param>
          </params>
          <reporter-output>
          </reporter-output>
        </test-method> <!-- cleanUp -->
      </class> <!-- com.keste.testcases.Salesforce_Test -->
    </test> <!-- Test -->
  </suite> <!-- Suite -->
</testng-results>
